Added Component: Designator=3.7V_Bat(connector)
Added Component: Designator=Feather(ADAFRUIT_FEATHER_STM32F405)
Added Component: Designator=FST202_Wind_Sensor(connector)
Added Component: Designator=GPS(GPS)
Added Component: Designator=MPU-9250(MPU-9250/6500)
Added Component: Designator=R1(AXIAL-0.3)
Add component (AddParameter): Name = "LatestRevisionDate"; Value = "17-Jul-2002"; VariantName = "[No Variations]"
Add component (AddParameter): Name = "LatestRevisionNote"; Value = "Re-released for DXP Platform."; VariantName = "[No Variations]"
Add component (AddParameter): Name = "PackageDescription"; Value = "Axial Device, Thru-Hole; 2 Leads; 0.3 in Pin Spacing"; VariantName = "[No Variations]"
Add component (AddParameter): Name = "PackageReference"; Value = "AXIAL-0.3"; VariantName = "[No Variations]"
Add component (AddParameter): Name = "Published"; Value = "8-Jun-2000"; VariantName = "[No Variations]"
Add component (AddParameter): Name = "Publisher"; Value = "Altium Limited"; VariantName = "[No Variations]"
Add component (AddParameter): Name = "Value"; Value = "1K"; VariantName = "[No Variations]"
Added Component: Designator=Rudder_Servo(connector)
Added Component: Designator=Sail_Servo(connector)
Added Component: Designator=SD_Card(SD_Card_Socket)
Added Pin To Net: NetName=GND Pin=R1-2
Added Net: Name=GND
Added Pin To Net: NetName=Net3.7V_Bat_1 Pin=3.7V_Bat-1
Added Net: Name=Net3.7V_Bat_1
Added Net: Name=NetFeather_3.3V
Added Pin To Net: NetName=NetFeather_6 Pin=Feather-6
Added Net: Name=NetFeather_6
Added Pin To Net: NetName=NetFeather_9 Pin=Feather-9
Added Pin To Net: NetName=NetFeather_9 Pin=Sail_Servo-1
Added Net: Name=NetFeather_9
Added Pin To Net: NetName=NetFeather_A2 Pin=Rudder_Servo-1
Added Net: Name=NetFeather_A2
Added Pin To Net: NetName=NetFeather_A3 Pin=FST202_Wind_Sensor-1
Added Pin To Net: NetName=NetFeather_A3 Pin=R1-1
Added Net: Name=NetFeather_A3
Added Net: Name=NetFeather_MI
Added Net: Name=NetFeather_MO
Added Net: Name=NetFeather_RX
Added Net: Name=NetFeather_SCK
Added Net: Name=NetFeather_SCL
Added Net: Name=NetFeather_SDA
Added Net: Name=NetFeather_TX
Added Class: Name=Sheet1
Added Room: Name=Sheet1
