\BOOKMARK [0][-]{chapter*.1}{Declaration}{}% 1
\BOOKMARK [0][-]{chapter*.2}{Abstract}{}% 2
\BOOKMARK [0][-]{chapter*.4}{List of Figures}{}% 3
\BOOKMARK [0][-]{chapter*.5}{List of Tables}{}% 4
\BOOKMARK [0][-]{chapter*.6}{Nomenclature}{}% 5
\BOOKMARK [0][-]{chapter.1}{Introduction}{}% 6
\BOOKMARK [1][-]{section.1.1}{Background}{chapter.1}% 7
\BOOKMARK [1][-]{section.1.2}{Problem Statement}{chapter.1}% 8
\BOOKMARK [1][-]{section.1.3}{Objectives}{chapter.1}% 9
\BOOKMARK [1][-]{section.1.4}{Summary of Work}{chapter.1}% 10
\BOOKMARK [1][-]{section.1.5}{Scope}{chapter.1}% 11
\BOOKMARK [0][-]{chapter.2}{Literature}{}% 12
\BOOKMARK [1][-]{section.2.1}{Sail Theory}{chapter.2}% 13
\BOOKMARK [1][-]{section.2.2}{Related Work}{chapter.2}% 14
\BOOKMARK [2][-]{subsection.2.2.1}{Unmanned Sailing Vessel by Philip van Schalkwyk}{section.2.2}% 15
\BOOKMARK [2][-]{subsection.2.2.2}{Design and Implementation of a Control System for a Sailboat Robot}{section.2.2}% 16
\BOOKMARK [2][-]{subsection.2.2.3}{FASt - An autonomous sailing platform for oceanographic missions}{section.2.2}% 17
\BOOKMARK [2][-]{subsection.2.2.4}{Establishing frame of reference}{section.2.2}% 18
\BOOKMARK [2][-]{subsection.2.2.5}{Magnetic declination}{section.2.2}% 19
\BOOKMARK [0][-]{chapter.3}{System Design}{}% 20
\BOOKMARK [1][-]{section.3.1}{Sail Vessel}{chapter.3}% 21
\BOOKMARK [1][-]{section.3.2}{Wind direction sensor}{chapter.3}% 22
\BOOKMARK [1][-]{section.3.3}{Servo motors}{chapter.3}% 23
\BOOKMARK [1][-]{section.3.4}{Micro-SD card}{chapter.3}% 24
\BOOKMARK [1][-]{section.3.5}{Power system}{chapter.3}% 25
\BOOKMARK [0][-]{chapter.4}{Summary and Conclusion}{}% 26
\BOOKMARK [0][-]{appendix.A}{Project Planning Schedule}{}% 27
\BOOKMARK [0][-]{appendix.B}{Outcomes Compliance}{}% 28
